{
  message: 'peer client connected 8824970103',
  level: 'info',
  timestamp: '2023-11-28T14:39:10.354Z'
}
{
  level: 'info',
  message: 'Socket: User Connected, ID:3YTYI5aV00g6oSWUAAAC, Data: null',
  timestamp: '2023-11-28T14:39:10.365Z'
}
{
  message: 'peer client connected 8601047256',
  level: 'info',
  timestamp: '2023-11-28T14:39:10.368Z'
}
{
  level: 'info',
  message: 'Socket: hello received , ID:3YTYI5aV00g6oSWUAAAC, Data: "hello from client"',
  timestamp: '2023-11-28T14:39:10.380Z'
}
{
  level: 'info',
  message: 'Socket: hello received , ID:3YTYI5aV00g6oSWUAAAC, Data: "hello from client"',
  timestamp: '2023-11-28T14:39:10.399Z'
}
{
  level: 'info',
  message: 'Socket: hello received , ID:3YTYI5aV00g6oSWUAAAC, Data: "hello from client"',
  timestamp: '2023-11-28T14:39:10.401Z'
}
{
  level: 'info',
  message: 'Socket: hello received , ID:3YTYI5aV00g6oSWUAAAC, Data: "hello from client"',
  timestamp: '2023-11-28T14:39:10.408Z'
}
{
  level: 'info',
  message: 'Socket: hello received , ID:3YTYI5aV00g6oSWUAAAC, Data: "hello from client"',
  timestamp: '2023-11-28T14:39:11.997Z'
}
{
  level: 'info',
  message: 'Socket: hello received , ID:3YTYI5aV00g6oSWUAAAC, Data: "hello from client"',
  timestamp: '2023-11-28T14:39:12.030Z'
}
{
  level: 'info',
  message: 'Socket: hello received , ID:3YTYI5aV00g6oSWUAAAC, Data: "hello from client"',
  timestamp: '2023-11-28T14:39:13.340Z'
}
{
  level: 'info',
  message: 'Socket: hello received , ID:3YTYI5aV00g6oSWUAAAC, Data: "hello from client"',
  timestamp: '2023-11-28T14:39:13.359Z'
}
{
  level: 'info',
  message: 'Socket: hello received , ID:3YTYI5aV00g6oSWUAAAC, Data: "hello from client"',
  timestamp: '2023-11-28T14:39:13.780Z'
}
{
  message: 'peer client disconnected 8601047256',
  level: 'info',
  timestamp: '2023-11-28T14:39:13.784Z'
}
{
  level: 'info',
  message: 'Socket: User Disconnected, ID:3YTYI5aV00g6oSWUAAAC, Data: null',
  timestamp: '2023-11-28T14:39:13.813Z'
}
{
  message: 'peer client connected 810125313',
  level: 'info',
  timestamp: '2023-11-28T14:39:13.825Z'
}
{
  message: 'peer client connected 887483948',
  level: 'info',
  timestamp: '2023-11-28T14:39:13.831Z'
}
{
  level: 'info',
  message: 'Socket: User Connected, ID:xrHHYpr0FzkZ2GIIAAAF, Data: null',
  timestamp: '2023-11-28T14:39:13.845Z'
}
{
  level: 'info',
  message: 'Socket: hello received , ID:xrHHYpr0FzkZ2GIIAAAF, Data: "hello from client"',
  timestamp: '2023-11-28T14:39:13.893Z'
}
{
  level: 'info',
  message: 'Socket: hello received , ID:xrHHYpr0FzkZ2GIIAAAF, Data: "hello from client"',
  timestamp: '2023-11-28T14:39:13.933Z'
}
{
  level: 'info',
  message: 'Socket: hello received , ID:xrHHYpr0FzkZ2GIIAAAF, Data: "hello from client"',
  timestamp: '2023-11-28T14:39:14.704Z'
}
{
  message: 'peer client disconnected 887483948',
  level: 'info',
  timestamp: '2023-11-28T14:39:14.706Z'
}
{
  level: 'info',
  message: 'Socket: User Disconnected, ID:xrHHYpr0FzkZ2GIIAAAF, Data: null',
  timestamp: '2023-11-28T14:39:14.740Z'
}
{
  level: 'info',
  message: 'Socket: User Connected, ID:zsJHDrXpCACLqE83AAAI, Data: null',
  timestamp: '2023-11-28T14:39:14.767Z'
}
{
  message: 'peer client connected 8548158359',
  level: 'info',
  timestamp: '2023-11-28T14:39:14.782Z'
}
{
  message: 'peer client connected 890132659',
  level: 'info',
  timestamp: '2023-11-28T14:39:14.795Z'
}
{
  level: 'info',
  message: 'Socket: hello received , ID:zsJHDrXpCACLqE83AAAI, Data: "hello from client"',
  timestamp: '2023-11-28T14:39:14.809Z'
}
{
  level: 'info',
  message: 'Socket: hello received , ID:zsJHDrXpCACLqE83AAAI, Data: "hello from client"',
  timestamp: '2023-11-28T14:39:14.810Z'
}
{
  level: 'info',
  message: 'Socket: hello received , ID:zsJHDrXpCACLqE83AAAI, Data: "hello from client"',
  timestamp: '2023-11-28T14:39:14.840Z'
}
{
  level: 'info',
  message: 'Socket: hello received , ID:zsJHDrXpCACLqE83AAAI, Data: "hello from client"',
  timestamp: '2023-11-28T14:39:14.873Z'
}
{
  level: 'info',
  message: 'Socket: User Disconnected, ID:zsJHDrXpCACLqE83AAAI, Data: null',
  timestamp: '2023-11-28T14:40:12.127Z'
}
{
  message: 'peer client disconnected 890132659',
  level: 'info',
  timestamp: '2023-11-28T14:40:12.128Z'
}
{
  message: 'peer client disconnected 8548158359',
  level: 'info',
  timestamp: '2023-11-28T14:40:12.129Z'
}
{
  message: 'peer client disconnected 8824970103',
  level: 'info',
  timestamp: '2023-11-28T14:40:12.129Z'
}
{
  message: 'peer client disconnected 810125313',
  level: 'info',
  timestamp: '2023-11-28T14:40:12.129Z'
}
{
  message: 'Removed empty file: 2oy9dUbEumzOWfAGAAAO.webm',
  level: 'info',
  timestamp: '2023-11-28T15:16:55.196Z'
}
{
  level: 'info',
  message: 'Socket: User Connected, ID:jOfXcVjDEikzV8PaAAAB, Data: null',
  timestamp: '2023-11-28T15:16:57.216Z'
}
{
  level: 'info',
  message: 'Socket: hello received , ID:jOfXcVjDEikzV8PaAAAB, Data: "hello from client"',
  timestamp: '2023-11-28T15:18:46.403Z'
}
{
  level: 'info',
  message: 'Socket: hello received , ID:jOfXcVjDEikzV8PaAAAB, Data: "hello from client"',
  timestamp: '2023-11-28T15:18:46.435Z'
}
{
  level: 'info',
  message: 'Socket: hello received , ID:jOfXcVjDEikzV8PaAAAB, Data: "hello from client"',
  timestamp: '2023-11-28T15:18:46.437Z'
}
{
  level: 'info',
  message: 'Socket: hello received , ID:jOfXcVjDEikzV8PaAAAB, Data: "hello from client"',
  timestamp: '2023-11-28T15:18:46.438Z'
}
{
  message: 'peer client connected 8468804317',
  level: 'info',
  timestamp: '2023-11-28T15:18:46.450Z'
}
{
  level: 'info',
  message: 'Socket: hello received , ID:jOfXcVjDEikzV8PaAAAB, Data: "hello from client"',
  timestamp: '2023-11-28T15:18:50.937Z'
}
{
  message: 'peer client disconnected 8468804317',
  level: 'info',
  timestamp: '2023-11-28T15:18:50.939Z'
}
{
  level: 'info',
  message: 'Socket: hello received , ID:jOfXcVjDEikzV8PaAAAB, Data: "hello from client"',
  timestamp: '2023-11-28T15:18:50.951Z'
}
{
  message: 'peer client connected 852616492',
  level: 'info',
  timestamp: '2023-11-28T15:18:50.958Z'
}
{
  message: 'peer client disconnected 852616492',
  level: 'info',
  timestamp: '2023-11-28T15:18:52.836Z'
}
{
  level: 'info',
  message: 'Socket: hello received , ID:jOfXcVjDEikzV8PaAAAB, Data: "hello from client"',
  timestamp: '2023-11-28T15:18:52.838Z'
}
{
  level: 'info',
  message: 'Socket: hello received , ID:jOfXcVjDEikzV8PaAAAB, Data: "hello from client"',
  timestamp: '2023-11-28T15:18:52.855Z'
}
{
  message: 'peer client connected 8106164983',
  level: 'info',
  timestamp: '2023-11-28T15:18:52.893Z'
}
{
  level: 'info',
  message: 'Socket: hello received , ID:jOfXcVjDEikzV8PaAAAB, Data: "hello from client"',
  timestamp: '2023-11-28T15:19:39.972Z'
}
{
  level: 'info',
  message: 'Socket: hello received , ID:jOfXcVjDEikzV8PaAAAB, Data: "hello from client"',
  timestamp: '2023-11-28T15:19:40.001Z'
}
{
  message: 'peer client disconnected 8106164983',
  level: 'info',
  timestamp: '2023-11-28T15:19:48.332Z'
}
{
  level: 'info',
  message: 'Socket: User Disconnected, ID:jOfXcVjDEikzV8PaAAAB, Data: null',
  timestamp: '2023-11-28T15:19:48.336Z'
}
{
  message: 'peer client connected 8290246052',
  level: 'info',
  timestamp: '2023-11-28T15:21:37.064Z'
}
{
  level: 'info',
  message: 'Socket: User Connected, ID:C-9oIDfXiFEWyRUDAAAE, Data: null',
  timestamp: '2023-11-28T15:21:37.097Z'
}
{
  level: 'info',
  message: 'Socket: hello received , ID:C-9oIDfXiFEWyRUDAAAE, Data: "hello from client"',
  timestamp: '2023-11-28T15:21:37.123Z'
}
{
  message: 'peer client connected 8790038419',
  level: 'info',
  timestamp: '2023-11-28T15:21:37.126Z'
}
{
  level: 'info',
  message: 'Socket: hello received , ID:C-9oIDfXiFEWyRUDAAAE, Data: "hello from client"',
  timestamp: '2023-11-28T15:21:37.145Z'
}
{
  level: 'info',
  message: 'Socket: hello received , ID:C-9oIDfXiFEWyRUDAAAE, Data: "hello from client"',
  timestamp: '2023-11-28T15:21:37.145Z'
}
{
  level: 'info',
  message: 'Socket: hello received , ID:C-9oIDfXiFEWyRUDAAAE, Data: "hello from client"',
  timestamp: '2023-11-28T15:21:37.145Z'
}
{
  level: 'info',
  message: 'Socket: hello received , ID:C-9oIDfXiFEWyRUDAAAE, Data: "hello from client"',
  timestamp: '2023-11-28T15:32:21.133Z'
}
{
  message: 'peer client disconnected 8790038419',
  level: 'info',
  timestamp: '2023-11-28T15:32:21.137Z'
}
{
  level: 'info',
  message: 'Socket: hello received , ID:C-9oIDfXiFEWyRUDAAAE, Data: "hello from client"',
  timestamp: '2023-11-28T15:32:21.146Z'
}
{
  message: 'peer client connected 8806349433',
  level: 'info',
  timestamp: '2023-11-28T15:32:21.161Z'
}
{
  message: 'peer client disconnected 8806349433',
  level: 'info',
  timestamp: '2023-11-28T15:33:16.315Z'
}
{
  level: 'info',
  message: 'Socket: hello received , ID:C-9oIDfXiFEWyRUDAAAE, Data: "hello from client"',
  timestamp: '2023-11-28T15:33:16.316Z'
}
{
  level: 'info',
  message: 'Socket: hello received , ID:C-9oIDfXiFEWyRUDAAAE, Data: "hello from client"',
  timestamp: '2023-11-28T15:33:16.331Z'
}
{
  message: 'peer client connected 877732931',
  level: 'info',
  timestamp: '2023-11-28T15:33:16.350Z'
}
{
  level: 'info',
  message: 'Socket: User Connected, ID:rhCG1BPlZFGUIhS0AAAB, Data: null',
  timestamp: '2023-11-28T15:43:02.907Z'
}
{
  message: 'Removed empty file: rhCG1BPlZFGUIhS0AAAB.webm',
  level: 'info',
  timestamp: '2023-11-28T15:43:30.561Z'
}
{
  level: 'info',
  message: 'Socket: User Connected, ID:plcPlzG79v6GbbvJAAAB, Data: null',
  timestamp: '2023-11-28T15:43:32.080Z'
}
{
  level: 'info',
  message: 'Socket: User Connected, ID:TDeejRrv-ZNc_WwcAAAB, Data: null',
  timestamp: '2023-11-28T15:43:36.510Z'
}
{
  message: 'Removed empty file: TDeejRrv-ZNc_WwcAAAB.webm',
  level: 'info',
  timestamp: '2023-11-28T15:43:42.579Z'
}
{
  level: 'info',
  message: 'Socket: User Connected, ID:alFtwnld1Da6wpXiAAAB, Data: null',
  timestamp: '2023-11-28T15:43:43.990Z'
}
{
  level: 'info',
  message: 'Socket: hello received , ID:alFtwnld1Da6wpXiAAAB, Data: "hello from client"',
  timestamp: '2023-11-28T15:43:44.014Z'
}
{
  level: 'info',
  message: 'Socket: hello received , ID:alFtwnld1Da6wpXiAAAB, Data: "hello from client"',
  timestamp: '2023-11-28T15:43:44.045Z'
}
{
  level: 'info',
  message: 'Socket: hello received , ID:alFtwnld1Da6wpXiAAAB, Data: "hello from client"',
  timestamp: '2023-11-28T15:44:15.047Z'
}
{
  level: 'info',
  message: 'Socket: hello received , ID:alFtwnld1Da6wpXiAAAB, Data: "hello from client"',
  timestamp: '2023-11-28T15:44:15.071Z'
}
{
  message: 'peer client connected 8423909497',
  level: 'info',
  timestamp: '2023-11-28T15:44:15.086Z'
}
{
  level: 'info',
  message: 'Socket: hello received , ID:alFtwnld1Da6wpXiAAAB, Data: "hello from client"',
  timestamp: '2023-11-28T15:44:52.507Z'
}
{
  message: 'peer client disconnected 8423909497',
  level: 'info',
  timestamp: '2023-11-28T15:44:52.520Z'
}
{
  level: 'info',
  message: 'Socket: hello received , ID:alFtwnld1Da6wpXiAAAB, Data: "hello from client"',
  timestamp: '2023-11-28T15:44:52.540Z'
}
{
  level: 'info',
  message: 'Socket: User Disconnected, ID:alFtwnld1Da6wpXiAAAB, Data: null',
  timestamp: '2023-11-28T15:44:52.591Z'
}
{
  message: 'peer client connected 8115233780',
  level: 'info',
  timestamp: '2023-11-28T15:44:52.595Z'
}
{
  level: 'info',
  message: 'Socket: User Connected, ID:ydPrRHxfcgaGI1j0AAAE, Data: null',
  timestamp: '2023-11-28T15:44:55.514Z'
}
{
  message: 'peer client connected 8385682711',
  level: 'info',
  timestamp: '2023-11-28T15:44:55.527Z'
}
{
  level: 'info',
  message: 'Socket: hello received , ID:ydPrRHxfcgaGI1j0AAAE, Data: "hello from client"',
  timestamp: '2023-11-28T15:44:55.538Z'
}
{
  message: 'peer client connected 8328396221',
  level: 'info',
  timestamp: '2023-11-28T15:44:55.544Z'
}
{
  level: 'info',
  message: 'Socket: hello received , ID:ydPrRHxfcgaGI1j0AAAE, Data: "hello from client"',
  timestamp: '2023-11-28T15:44:55.551Z'
}
{
  level: 'info',
  message: 'Socket: hello received , ID:ydPrRHxfcgaGI1j0AAAE, Data: "hello from client"',
  timestamp: '2023-11-28T15:44:55.552Z'
}
{
  level: 'info',
  message: 'Socket: hello received , ID:ydPrRHxfcgaGI1j0AAAE, Data: "hello from client"',
  timestamp: '2023-11-28T15:44:55.552Z'
}
{
  message: 'peer client disconnected 8328396221',
  level: 'info',
  timestamp: '2023-11-28T15:45:09.501Z'
}
{
  level: 'info',
  message: 'Socket: hello received , ID:ydPrRHxfcgaGI1j0AAAE, Data: "hello from client"',
  timestamp: '2023-11-28T15:45:09.506Z'
}
{
  level: 'info',
  message: 'Socket: hello received , ID:ydPrRHxfcgaGI1j0AAAE, Data: "hello from client"',
  timestamp: '2023-11-28T15:45:09.531Z'
}
{
  message: 'peer client connected 8637537429',
  level: 'info',
  timestamp: '2023-11-28T15:45:09.543Z'
}
{
  message: 'peer client disconnected 8637537429',
  level: 'info',
  timestamp: '2023-11-28T15:45:24.212Z'
}
{
  level: 'info',
  message: 'Socket: User Disconnected, ID:ydPrRHxfcgaGI1j0AAAE, Data: null',
  timestamp: '2023-11-28T15:45:24.215Z'
}
{
  level: 'info',
  message: 'Socket: User Connected, ID:RnKcjau2yUVCXfb_AAAH, Data: null',
  timestamp: '2023-11-28T15:45:27.934Z'
}
{
  message: 'peer client connected 8906077035',
  level: 'info',
  timestamp: '2023-11-28T15:45:27.936Z'
}
{
  message: 'peer client connected 8309680824',
  level: 'info',
  timestamp: '2023-11-28T15:45:27.953Z'
}
{
  level: 'info',
  message: 'Socket: hello received , ID:RnKcjau2yUVCXfb_AAAH, Data: "hello from client"',
  timestamp: '2023-11-28T15:45:27.961Z'
}
{
  level: 'info',
  message: 'Socket: hello received , ID:RnKcjau2yUVCXfb_AAAH, Data: "hello from client"',
  timestamp: '2023-11-28T15:45:28.012Z'
}
{
  level: 'info',
  message: 'Socket: hello received , ID:RnKcjau2yUVCXfb_AAAH, Data: "hello from client"',
  timestamp: '2023-11-28T15:45:28.013Z'
}
{
  level: 'info',
  message: 'Socket: hello received , ID:RnKcjau2yUVCXfb_AAAH, Data: "hello from client"',
  timestamp: '2023-11-28T15:45:28.013Z'
}
{
  level: 'info',
  message: 'Socket: hello received , ID:RnKcjau2yUVCXfb_AAAH, Data: "hello from client"',
  timestamp: '2023-11-28T15:45:40.687Z'
}
{
  message: 'peer client disconnected 8309680824',
  level: 'info',
  timestamp: '2023-11-28T15:45:40.694Z'
}
{
  level: 'info',
  message: 'Socket: hello received , ID:RnKcjau2yUVCXfb_AAAH, Data: "hello from client"',
  timestamp: '2023-11-28T15:45:40.701Z'
}
{
  message: 'peer client connected 8209386421',
  level: 'info',
  timestamp: '2023-11-28T15:45:40.714Z'
}
{
  message: 'peer client disconnected 8209386421',
  level: 'info',
  timestamp: '2023-11-28T15:45:42.968Z'
}
{
  level: 'info',
  message: 'Socket: hello received , ID:RnKcjau2yUVCXfb_AAAH, Data: "hello from client"',
  timestamp: '2023-11-28T15:45:42.970Z'
}
{
  level: 'info',
  message: 'Socket: hello received , ID:RnKcjau2yUVCXfb_AAAH, Data: "hello from client"',
  timestamp: '2023-11-28T15:45:42.987Z'
}
{
  message: 'peer client connected 8116123843',
  level: 'info',
  timestamp: '2023-11-28T15:45:43.004Z'
}
{
  message: 'peer client disconnected 8116123843',
  level: 'info',
  timestamp: '2023-11-28T15:45:46.811Z'
}
{
  level: 'info',
  message: 'Socket: hello received , ID:RnKcjau2yUVCXfb_AAAH, Data: "hello from client"',
  timestamp: '2023-11-28T15:45:46.814Z'
}
{
  level: 'info',
  message: 'Socket: hello received , ID:RnKcjau2yUVCXfb_AAAH, Data: "hello from client"',
  timestamp: '2023-11-28T15:45:46.843Z'
}
{
  message: 'peer client connected 8907966584',
  level: 'info',
  timestamp: '2023-11-28T15:45:46.855Z'
}
{
  level: 'info',
  message: 'Socket: User Disconnected, ID:RnKcjau2yUVCXfb_AAAH, Data: null',
  timestamp: '2023-11-28T15:45:54.139Z'
}
{
  message: 'peer client disconnected 8385682711',
  level: 'info',
  timestamp: '2023-11-28T15:45:54.141Z'
}
{
  message: 'peer client disconnected 8907966584',
  level: 'info',
  timestamp: '2023-11-28T15:45:54.141Z'
}
{
  message: 'peer client disconnected 8115233780',
  level: 'info',
  timestamp: '2023-11-28T15:45:54.142Z'
}
{
  message: 'peer client disconnected 8906077035',
  level: 'info',
  timestamp: '2023-11-28T15:45:54.142Z'
}
{
  level: 'info',
  message: 'Socket: User Connected, ID:Otik00P8-6dO4K27AAAK, Data: null',
  timestamp: '2023-11-28T15:45:55.540Z'
}
{
  message: 'peer client connected 8618393709',
  level: 'info',
  timestamp: '2023-11-28T15:45:55.572Z'
}
{
  level: 'info',
  message: 'Socket: hello received , ID:Otik00P8-6dO4K27AAAK, Data: "hello from client"',
  timestamp: '2023-11-28T15:45:55.604Z'
}
{
  message: 'peer client connected 8928570342',
  level: 'info',
  timestamp: '2023-11-28T15:45:55.608Z'
}
{
  level: 'info',
  message: 'Socket: hello received , ID:Otik00P8-6dO4K27AAAK, Data: "hello from client"',
  timestamp: '2023-11-28T15:45:55.623Z'
}
{
  level: 'info',
  message: 'Socket: hello received , ID:Otik00P8-6dO4K27AAAK, Data: "hello from client"',
  timestamp: '2023-11-28T15:45:55.623Z'
}
{
  level: 'info',
  message: 'Socket: hello received , ID:Otik00P8-6dO4K27AAAK, Data: "hello from client"',
  timestamp: '2023-11-28T15:45:55.623Z'
}
{
  level: 'info',
  message: 'Socket: hello received , ID:Otik00P8-6dO4K27AAAK, Data: "hello from client"',
  timestamp: '2023-11-28T15:45:57.536Z'
}
{
  level: 'info',
  message: 'Socket: hello received , ID:Otik00P8-6dO4K27AAAK, Data: "hello from client"',
  timestamp: '2023-11-28T15:45:57.619Z'
}
{
  level: 'info',
  message: 'Socket: hello received , ID:Otik00P8-6dO4K27AAAK, Data: "hello from client"',
  timestamp: '2023-11-28T15:46:30.334Z'
}
{
  message: 'peer client disconnected 8928570342',
  level: 'info',
  timestamp: '2023-11-28T15:46:30.343Z'
}
{
  level: 'info',
  message: 'Socket: hello received , ID:Otik00P8-6dO4K27AAAK, Data: "hello from client"',
  timestamp: '2023-11-28T15:46:30.364Z'
}
{
  message: 'peer client connected 852275597',
  level: 'info',
  timestamp: '2023-11-28T15:46:30.405Z'
}
{
  message: 'peer client disconnected 852275597',
  level: 'info',
  timestamp: '2023-11-28T15:46:30.451Z'
}
{
  level: 'info',
  message: 'Socket: hello received , ID:Otik00P8-6dO4K27AAAK, Data: "hello from client"',
  timestamp: '2023-11-28T15:46:30.455Z'
}
{
  level: 'info',
  message: 'Socket: hello received , ID:Otik00P8-6dO4K27AAAK, Data: "hello from client"',
  timestamp: '2023-11-28T15:46:30.475Z'
}
{
  message: 'peer client connected 8271115380',
  level: 'info',
  timestamp: '2023-11-28T15:46:30.520Z'
}
{
  level: 'info',
  message: 'Socket: hello received , ID:Otik00P8-6dO4K27AAAK, Data: "hello from client"',
  timestamp: '2023-11-28T15:46:31.431Z'
}
{
  level: 'info',
  message: 'Socket: hello received , ID:Otik00P8-6dO4K27AAAK, Data: "hello from client"',
  timestamp: '2023-11-28T15:46:31.619Z'
}
{
  message: 'Removed empty file: Otik00P8-6dO4K27AAAK.webm',
  level: 'info',
  timestamp: '2023-11-28T15:48:20.397Z'
}
{
  message: 'peer client connected 8401857421',
  level: 'info',
  timestamp: '2023-11-28T15:48:29.235Z'
}
{
  level: 'info',
  message: 'Socket: User Connected, ID:-Jd7-Ay7Wjk5oCELAAAB, Data: null',
  timestamp: '2023-11-28T15:48:29.255Z'
}
{
  level: 'info',
  message: 'Socket: hello received , ID:-Jd7-Ay7Wjk5oCELAAAB, Data: "hello from client"',
  timestamp: '2023-11-28T15:48:29.360Z'
}
{
  level: 'info',
  message: 'Socket: hello received , ID:-Jd7-Ay7Wjk5oCELAAAB, Data: "hello from client"',
  timestamp: '2023-11-28T15:48:30.817Z'
}
{
  level: 'info',
  message: 'Socket: hello received , ID:-Jd7-Ay7Wjk5oCELAAAB, Data: "hello from client"',
  timestamp: '2023-11-28T15:48:36.386Z'
}
{
  level: 'info',
  message: 'Socket: hello received , ID:-Jd7-Ay7Wjk5oCELAAAB, Data: "hello from client"',
  timestamp: '2023-11-28T15:48:37.277Z'
}
{
  level: 'info',
  message: 'Socket: hello received , ID:-Jd7-Ay7Wjk5oCELAAAB, Data: "hello from client"',
  timestamp: '2023-11-28T15:48:38.752Z'
}
{
  level: 'info',
  message: 'Socket: audio received , ID:-Jd7-Ay7Wjk5oCELAAAB, Data: "875 bytes"',
  timestamp: '2023-11-28T15:48:39.790Z'
}
{
  level: 'info',
  message: 'Socket: audio received , ID:-Jd7-Ay7Wjk5oCELAAAB, Data: "616 bytes"',
  timestamp: '2023-11-28T15:48:40.807Z'
}
{
  level: 'info',
  message: 'Socket: audio received , ID:-Jd7-Ay7Wjk5oCELAAAB, Data: "1155 bytes"',
  timestamp: '2023-11-28T15:48:41.846Z'
}
{
  level: 'info',
  message: 'Socket: audio received , ID:-Jd7-Ay7Wjk5oCELAAAB, Data: "16615 bytes"',
  timestamp: '2023-11-28T15:48:42.797Z'
}
{
  level: 'info',
  message: 'Socket: audio received , ID:-Jd7-Ay7Wjk5oCELAAAB, Data: "9490 bytes"',
  timestamp: '2023-11-28T15:48:43.795Z'
}
{
  level: 'info',
  message: 'Socket: audio received , ID:-Jd7-Ay7Wjk5oCELAAAB, Data: "616 bytes"',
  timestamp: '2023-11-28T15:48:44.794Z'
}
{
  level: 'info',
  message: 'Socket: audio received , ID:-Jd7-Ay7Wjk5oCELAAAB, Data: "616 bytes"',
  timestamp: '2023-11-28T15:48:45.810Z'
}
{
  level: 'info',
  message: 'Socket: audio received , ID:-Jd7-Ay7Wjk5oCELAAAB, Data: "616 bytes"',
  timestamp: '2023-11-28T15:48:46.829Z'
}
{
  level: 'info',
  message: 'Socket: User Disconnected, ID:-Jd7-Ay7Wjk5oCELAAAB, Data: null',
  timestamp: '2023-11-28T15:48:47.545Z'
}
{
  message: 'peer client disconnected 8401857421',
  level: 'info',
  timestamp: '2023-11-28T15:48:47.548Z'
}
{
  level: 'info',
  message: 'Socket: User Connected, ID:LqIDFjQQrG23JpFqAAAD, Data: null',
  timestamp: '2023-11-28T15:48:48.149Z'
}
{
  message: 'peer client connected 8729446074',
  level: 'info',
  timestamp: '2023-11-28T15:48:48.192Z'
}
{
  level: 'info',
  message: 'Socket: hello received , ID:LqIDFjQQrG23JpFqAAAD, Data: "hello from client"',
  timestamp: '2023-11-28T15:48:48.196Z'
}
{
  level: 'info',
  message: 'Socket: hello received , ID:LqIDFjQQrG23JpFqAAAD, Data: "hello from client"',
  timestamp: '2023-11-28T15:48:48.248Z'
}
{
  level: 'info',
  message: 'Socket: User Disconnected, ID:LqIDFjQQrG23JpFqAAAD, Data: null',
  timestamp: '2023-11-28T15:48:54.265Z'
}
{
  message: 'peer client disconnected 8729446074',
  level: 'info',
  timestamp: '2023-11-28T15:48:54.266Z'
}
{
  level: 'info',
  message: 'Socket: User Connected, ID:godVIE6dHKltVzx8AAAF, Data: null',
  timestamp: '2023-11-28T15:52:06.943Z'
}
{
  level: 'info',
  message: 'Socket: hello received , ID:godVIE6dHKltVzx8AAAF, Data: "hello from client"',
  timestamp: '2023-11-28T15:52:07.056Z'
}
{
  level: 'info',
  message: 'Socket: hello received , ID:godVIE6dHKltVzx8AAAF, Data: "hello from client"',
  timestamp: '2023-11-28T15:52:07.077Z'
}
{
  level: 'info',
  message: 'Socket: hello received , ID:godVIE6dHKltVzx8AAAF, Data: "hello from client"',
  timestamp: '2023-11-28T15:52:07.078Z'
}
{
  level: 'info',
  message: 'Socket: hello received , ID:godVIE6dHKltVzx8AAAF, Data: "hello from client"',
  timestamp: '2023-11-28T15:52:07.078Z'
}
{
  level: 'info',
  message: 'Socket: hello received , ID:godVIE6dHKltVzx8AAAF, Data: "hello from client"',
  timestamp: '2023-11-28T15:52:11.243Z'
}
{
  level: 'info',
  message: 'Socket: hello received , ID:godVIE6dHKltVzx8AAAF, Data: "hello from client"',
  timestamp: '2023-11-28T15:52:11.257Z'
}
{
  message: 'peer client connected 8400060501',
  level: 'info',
  timestamp: '2023-11-28T15:52:11.275Z'
}
{
  level: 'info',
  message: 'Socket: hello received , ID:godVIE6dHKltVzx8AAAF, Data: "hello from client"',
  timestamp: '2023-11-28T15:52:12.447Z'
}
{
  level: 'info',
  message: 'Socket: hello received , ID:godVIE6dHKltVzx8AAAF, Data: "hello from client"',
  timestamp: '2023-11-28T15:52:12.579Z'
}
{
  level: 'info',
  message: 'Socket: User Disconnected, ID:godVIE6dHKltVzx8AAAF, Data: null',
  timestamp: '2023-11-28T15:52:13.429Z'
}
{
  message: 'peer client disconnected 8400060501',
  level: 'info',
  timestamp: '2023-11-28T15:52:13.430Z'
}
{
  level: 'info',
  message: 'Socket: User Connected, ID:uW_1S6KDPbe83tIsAAAI, Data: null',
  timestamp: '2023-11-28T15:52:16.446Z'
}
{
  level: 'info',
  message: 'Socket: hello received , ID:uW_1S6KDPbe83tIsAAAI, Data: "hello from client"',
  timestamp: '2023-11-28T15:52:16.537Z'
}
{
  message: 'peer client connected 8558660546',
  level: 'info',
  timestamp: '2023-11-28T15:52:16.541Z'
}
{
  level: 'info',
  message: 'Socket: hello received , ID:uW_1S6KDPbe83tIsAAAI, Data: "hello from client"',
  timestamp: '2023-11-28T15:52:16.596Z'
}
{
  level: 'info',
  message: 'Socket: hello received , ID:uW_1S6KDPbe83tIsAAAI, Data: "hello from client"',
  timestamp: '2023-11-28T15:52:16.596Z'
}
{
  level: 'info',
  message: 'Socket: hello received , ID:uW_1S6KDPbe83tIsAAAI, Data: "hello from client"',
  timestamp: '2023-11-28T15:52:16.596Z'
}
{
  message: 'peer client connected 8678937228',
  level: 'info',
  timestamp: '2023-11-28T15:52:16.598Z'
}
{
  level: 'info',
  message: 'Socket: hello received , ID:uW_1S6KDPbe83tIsAAAI, Data: "hello from client"',
  timestamp: '2023-11-28T15:52:16.729Z'
}
{
  level: 'info',
  message: 'Socket: hello received , ID:uW_1S6KDPbe83tIsAAAI, Data: "hello from client"',
  timestamp: '2023-11-28T15:52:16.893Z'
}
{
  level: 'info',
  message: 'Socket: User Connected, ID:HasULvXqVzivIrnqAAAL, Data: null',
  timestamp: '2023-11-28T15:52:22.079Z'
}
{
  message: 'peer client connected 8847699401',
  level: 'info',
  timestamp: '2023-11-28T15:52:22.097Z'
}
{
  level: 'info',
  message: 'Socket: hello received , ID:HasULvXqVzivIrnqAAAL, Data: "hello from client"',
  timestamp: '2023-11-28T15:52:22.100Z'
}
{
  level: 'info',
  message: 'Socket: hello received , ID:HasULvXqVzivIrnqAAAL, Data: "hello from client"',
  timestamp: '2023-11-28T15:52:22.142Z'
}
{
  level: 'info',
  message: 'Socket: hello received , ID:HasULvXqVzivIrnqAAAL, Data: "hello from client"',
  timestamp: '2023-11-28T15:52:22.143Z'
}
{
  level: 'info',
  message: 'Socket: hello received , ID:HasULvXqVzivIrnqAAAL, Data: "hello from client"',
  timestamp: '2023-11-28T15:52:22.143Z'
}
{
  message: 'peer client connected 8631111602',
  level: 'info',
  timestamp: '2023-11-28T15:52:22.153Z'
}
{
  level: 'info',
  message: 'Socket: hello received , ID:HasULvXqVzivIrnqAAAL, Data: "hello from client"',
  timestamp: '2023-11-28T15:52:28.506Z'
}
{
  level: 'info',
  message: 'Socket: hello received , ID:HasULvXqVzivIrnqAAAL, Data: "hello from client"',
  timestamp: '2023-11-28T15:52:28.582Z'
}
{
  level: 'info',
  message: 'Socket: hello received , ID:uW_1S6KDPbe83tIsAAAI, Data: "hello from client"',
  timestamp: '2023-11-28T15:52:29.961Z'
}
{
  level: 'info',
  message: 'Socket: hello received , ID:uW_1S6KDPbe83tIsAAAI, Data: "hello from client"',
  timestamp: '2023-11-28T15:52:30.009Z'
}
{
  level: 'info',
  message: 'Socket: User Disconnected, ID:HasULvXqVzivIrnqAAAL, Data: null',
  timestamp: '2023-11-28T15:52:57.729Z'
}
{
  message: 'peer client disconnected 8847699401',
  level: 'info',
  timestamp: '2023-11-28T15:52:57.737Z'
}
{
  message: 'peer client disconnected 8631111602',
  level: 'info',
  timestamp: '2023-11-28T15:52:57.738Z'
}
{
  level: 'info',
  message: 'Socket: hello received , ID:uW_1S6KDPbe83tIsAAAI, Data: "hello from client"',
  timestamp: '2023-11-28T15:53:09.818Z'
}
{
  message: 'peer client disconnected 8678937228',
  level: 'info',
  timestamp: '2023-11-28T15:53:09.824Z'
}
{
  level: 'info',
  message: 'Socket: hello received , ID:uW_1S6KDPbe83tIsAAAI, Data: "hello from client"',
  timestamp: '2023-11-28T15:53:09.839Z'
}
{
  message: 'peer client connected 8603523002',
  level: 'info',
  timestamp: '2023-11-28T15:53:09.843Z'
}
{
  message: 'peer client disconnected 8603523002',
  level: 'info',
  timestamp: '2023-11-28T15:53:11.395Z'
}
{
  level: 'info',
  message: 'Socket: hello received , ID:uW_1S6KDPbe83tIsAAAI, Data: "hello from client"',
  timestamp: '2023-11-28T15:53:11.396Z'
}
{
  level: 'info',
  message: 'Socket: hello received , ID:uW_1S6KDPbe83tIsAAAI, Data: "hello from client"',
  timestamp: '2023-11-28T15:53:11.411Z'
}
{
  message: 'peer client connected 8816230287',
  level: 'info',
  timestamp: '2023-11-28T15:53:11.422Z'
}
{
  level: 'info',
  message: 'Socket: hello received , ID:uW_1S6KDPbe83tIsAAAI, Data: "hello from client"',
  timestamp: '2023-11-28T15:53:15.005Z'
}
{
  message: 'peer client disconnected 8816230287',
  level: 'info',
  timestamp: '2023-11-28T15:53:15.006Z'
}
{
  level: 'info',
  message: 'Socket: hello received , ID:uW_1S6KDPbe83tIsAAAI, Data: "hello from client"',
  timestamp: '2023-11-28T15:53:15.014Z'
}
{
  message: 'peer client connected 8963217107',
  level: 'info',
  timestamp: '2023-11-28T15:53:15.024Z'
}
{
  message: 'peer client disconnected 8963217107',
  level: 'info',
  timestamp: '2023-11-28T15:53:19.707Z'
}
{
  level: 'info',
  message: 'Socket: hello received , ID:uW_1S6KDPbe83tIsAAAI, Data: "hello from client"',
  timestamp: '2023-11-28T15:53:19.709Z'
}
{
  level: 'info',
  message: 'Socket: hello received , ID:uW_1S6KDPbe83tIsAAAI, Data: "hello from client"',
  timestamp: '2023-11-28T15:53:19.722Z'
}
{
  message: 'peer client connected 8986036282',
  level: 'info',
  timestamp: '2023-11-28T15:53:19.726Z'
}
{
  level: 'info',
  message: 'Socket: hello received , ID:uW_1S6KDPbe83tIsAAAI, Data: "hello from client"',
  timestamp: '2023-11-28T15:53:23.006Z'
}
{
  message: 'peer client disconnected 8986036282',
  level: 'info',
  timestamp: '2023-11-28T15:53:23.007Z'
}
{
  level: 'info',
  message: 'Socket: hello received , ID:uW_1S6KDPbe83tIsAAAI, Data: "hello from client"',
  timestamp: '2023-11-28T15:53:23.021Z'
}
{
  message: 'peer client connected 8799157473',
  level: 'info',
  timestamp: '2023-11-28T15:53:23.027Z'
}
{
  level: 'info',
  message: 'Socket: hello received , ID:uW_1S6KDPbe83tIsAAAI, Data: "hello from client"',
  timestamp: '2023-11-28T15:53:23.123Z'
}
{
  message: 'peer client disconnected 8799157473',
  level: 'info',
  timestamp: '2023-11-28T15:53:23.123Z'
}
{
  level: 'info',
  message: 'Socket: hello received , ID:uW_1S6KDPbe83tIsAAAI, Data: "hello from client"',
  timestamp: '2023-11-28T15:53:23.134Z'
}
{
  message: 'peer client connected 8689907610',
  level: 'info',
  timestamp: '2023-11-28T15:53:23.142Z'
}
{
  level: 'info',
  message: 'Socket: hello received , ID:uW_1S6KDPbe83tIsAAAI, Data: "hello from client"',
  timestamp: '2023-11-28T15:53:31.526Z'
}
{
  message: 'peer client disconnected 8689907610',
  level: 'info',
  timestamp: '2023-11-28T15:53:31.527Z'
}
{
  level: 'info',
  message: 'Socket: hello received , ID:uW_1S6KDPbe83tIsAAAI, Data: "hello from client"',
  timestamp: '2023-11-28T15:53:31.541Z'
}
{
  message: 'peer client connected 8516823049',
  level: 'info',
  timestamp: '2023-11-28T15:53:31.544Z'
}
{
  message: 'peer client disconnected 8516823049',
  level: 'info',
  timestamp: '2023-11-28T15:53:31.807Z'
}
{
  level: 'info',
  message: 'Socket: hello received , ID:uW_1S6KDPbe83tIsAAAI, Data: "hello from client"',
  timestamp: '2023-11-28T15:53:31.808Z'
}
{
  level: 'info',
  message: 'Socket: hello received , ID:uW_1S6KDPbe83tIsAAAI, Data: "hello from client"',
  timestamp: '2023-11-28T15:53:31.824Z'
}
{
  message: 'peer client connected 8350632956',
  level: 'info',
  timestamp: '2023-11-28T15:53:31.826Z'
}
{
  level: 'info',
  message: 'Socket: hello received , ID:uW_1S6KDPbe83tIsAAAI, Data: "hello from client"',
  timestamp: '2023-11-28T15:53:39.424Z'
}
{
  message: 'peer client disconnected 8350632956',
  level: 'info',
  timestamp: '2023-11-28T15:53:39.424Z'
}
{
  level: 'info',
  message: 'Socket: hello received , ID:uW_1S6KDPbe83tIsAAAI, Data: "hello from client"',
  timestamp: '2023-11-28T15:53:39.435Z'
}
{
  message: 'peer client connected 8696220449',
  level: 'info',
  timestamp: '2023-11-28T15:53:39.442Z'
}
{
  level: 'info',
  message: 'Socket: hello received , ID:uW_1S6KDPbe83tIsAAAI, Data: "hello from client"',
  timestamp: '2023-11-28T15:53:43.555Z'
}
{
  message: 'peer client disconnected 8696220449',
  level: 'info',
  timestamp: '2023-11-28T15:53:43.556Z'
}
{
  level: 'info',
  message: 'Socket: hello received , ID:uW_1S6KDPbe83tIsAAAI, Data: "hello from client"',
  timestamp: '2023-11-28T15:53:43.566Z'
}
{
  message: 'peer client connected 898878496',
  level: 'info',
  timestamp: '2023-11-28T15:53:43.575Z'
}
{
  level: 'info',
  message: 'Socket: hello received , ID:uW_1S6KDPbe83tIsAAAI, Data: "hello from client"',
  timestamp: '2023-11-28T15:53:47.007Z'
}
{
  level: 'info',
  message: 'Socket: hello received , ID:uW_1S6KDPbe83tIsAAAI, Data: "hello from client"',
  timestamp: '2023-11-28T15:53:47.033Z'
}
{
  level: 'info',
  message: 'Socket: User Disconnected, ID:uW_1S6KDPbe83tIsAAAI, Data: null',
  timestamp: '2023-11-28T15:54:08.439Z'
}
{
  message: 'peer client disconnected 898878496',
  level: 'info',
  timestamp: '2023-11-28T15:54:08.440Z'
}
{
  message: 'peer client disconnected 8558660546',
  level: 'info',
  timestamp: '2023-11-28T15:54:08.441Z'
}
{
  message: 'peer client connected 8792090223',
  level: 'info',
  timestamp: '2023-11-28T15:54:09.705Z'
}
{
  level: 'info',
  message: 'Socket: User Connected, ID:gMGBi8nkfUML0X36AAAO, Data: null',
  timestamp: '2023-11-28T15:54:09.756Z'
}
{
  message: 'peer client connected 8733558584',
  level: 'info',
  timestamp: '2023-11-28T15:54:09.759Z'
}
{
  level: 'info',
  message: 'Socket: hello received , ID:gMGBi8nkfUML0X36AAAO, Data: "hello from client"',
  timestamp: '2023-11-28T15:54:09.859Z'
}
{
  level: 'info',
  message: 'Socket: hello received , ID:gMGBi8nkfUML0X36AAAO, Data: "hello from client"',
  timestamp: '2023-11-28T15:54:09.902Z'
}
{
  level: 'info',
  message: 'Socket: hello received , ID:gMGBi8nkfUML0X36AAAO, Data: "hello from client"',
  timestamp: '2023-11-28T15:54:09.902Z'
}
{
  level: 'info',
  message: 'Socket: hello received , ID:gMGBi8nkfUML0X36AAAO, Data: "hello from client"',
  timestamp: '2023-11-28T15:54:09.903Z'
}
{
  message: 'peer client connected 8515160196',
  level: 'info',
  timestamp: '2023-11-28T15:54:11.004Z'
}
{
  level: 'info',
  message: 'Socket: User Connected, ID:MNH0-4BCoWk00nukAAAR, Data: null',
  timestamp: '2023-11-28T15:54:11.006Z'
}
{
  message: 'peer client connected 8513246265',
  level: 'info',
  timestamp: '2023-11-28T15:54:11.022Z'
}
{
  level: 'info',
  message: 'Socket: hello received , ID:MNH0-4BCoWk00nukAAAR, Data: "hello from client"',
  timestamp: '2023-11-28T15:54:11.025Z'
}
{
  level: 'info',
  message: 'Socket: hello received , ID:MNH0-4BCoWk00nukAAAR, Data: "hello from client"',
  timestamp: '2023-11-28T15:54:11.075Z'
}
{
  level: 'info',
  message: 'Socket: hello received , ID:MNH0-4BCoWk00nukAAAR, Data: "hello from client"',
  timestamp: '2023-11-28T15:54:11.075Z'
}
{
  level: 'info',
  message: 'Socket: hello received , ID:MNH0-4BCoWk00nukAAAR, Data: "hello from client"',
  timestamp: '2023-11-28T15:54:11.076Z'
}
{
  level: 'info',
  message: 'Socket: hello received , ID:gMGBi8nkfUML0X36AAAO, Data: "hello from client"',
  timestamp: '2023-11-28T15:54:11.765Z'
}
{
  level: 'info',
  message: 'Socket: hello received , ID:gMGBi8nkfUML0X36AAAO, Data: "hello from client"',
  timestamp: '2023-11-28T15:54:11.814Z'
}
{
  level: 'info',
  message: 'Socket: hello received , ID:MNH0-4BCoWk00nukAAAR, Data: "hello from client"',
  timestamp: '2023-11-28T15:54:15.603Z'
}
{
  level: 'info',
  message: 'Socket: hello received , ID:MNH0-4BCoWk00nukAAAR, Data: "hello from client"',
  timestamp: '2023-11-28T15:54:15.632Z'
}
{
  level: 'info',
  message: 'Socket: hello received , ID:MNH0-4BCoWk00nukAAAR, Data: "hello from client"',
  timestamp: '2023-11-28T15:54:18.590Z'
}
{
  level: 'info',
  message: 'Socket: hello received , ID:MNH0-4BCoWk00nukAAAR, Data: "hello from client"',
  timestamp: '2023-11-28T15:54:18.600Z'
}
{
  level: 'info',
  message: 'Socket: User Disconnected, ID:MNH0-4BCoWk00nukAAAR, Data: null',
  timestamp: '2023-11-28T15:54:23.503Z'
}
{
  message: 'peer client disconnected 8515160196',
  level: 'info',
  timestamp: '2023-11-28T15:54:23.505Z'
}
{
  message: 'peer client disconnected 8513246265',
  level: 'info',
  timestamp: '2023-11-28T15:54:23.505Z'
}
{
  level: 'info',
  message: 'Socket: User Disconnected, ID:gMGBi8nkfUML0X36AAAO, Data: null',
  timestamp: '2023-11-28T15:54:25.571Z'
}
{
  message: 'peer client disconnected 8792090223',
  level: 'info',
  timestamp: '2023-11-28T15:54:25.572Z'
}
{
  message: 'peer client disconnected 8733558584',
  level: 'info',
  timestamp: '2023-11-28T15:54:25.573Z'
}
{
  message: 'peer client connected 8444496088',
  level: 'info',
  timestamp: '2023-11-28T15:59:12.940Z'
}
{
  level: 'info',
  message: 'Socket: User Connected, ID:DH6KJXko2qrPTSqgAAAU, Data: null',
  timestamp: '2023-11-28T15:59:12.943Z'
}
{
  message: 'peer client connected 8680633111',
  level: 'info',
  timestamp: '2023-11-28T15:59:12.946Z'
}
{
  level: 'info',
  message: 'Socket: hello received , ID:DH6KJXko2qrPTSqgAAAU, Data: "hello from client"',
  timestamp: '2023-11-28T15:59:12.954Z'
}
{
  level: 'info',
  message: 'Socket: hello received , ID:DH6KJXko2qrPTSqgAAAU, Data: "hello from client"',
  timestamp: '2023-11-28T15:59:12.964Z'
}
{
  level: 'info',
  message: 'Socket: hello received , ID:DH6KJXko2qrPTSqgAAAU, Data: "hello from client"',
  timestamp: '2023-11-28T15:59:12.965Z'
}
{
  level: 'info',
  message: 'Socket: hello received , ID:DH6KJXko2qrPTSqgAAAU, Data: "hello from client"',
  timestamp: '2023-11-28T15:59:12.965Z'
}
{
  level: 'info',
  message: 'Socket: hello received , ID:DH6KJXko2qrPTSqgAAAU, Data: "hello from client"',
  timestamp: '2023-11-28T15:59:14.673Z'
}
{
  level: 'info',
  message: 'Socket: hello received , ID:DH6KJXko2qrPTSqgAAAU, Data: "hello from client"',
  timestamp: '2023-11-28T15:59:14.708Z'
}
{
  level: 'info',
  message: 'Socket: hello received , ID:DH6KJXko2qrPTSqgAAAU, Data: "hello from client"',
  timestamp: '2023-11-28T15:59:17.536Z'
}
{
  message: 'peer client disconnected 8680633111',
  level: 'info',
  timestamp: '2023-11-28T15:59:17.538Z'
}
{
  level: 'info',
  message: 'Socket: User Disconnected, ID:DH6KJXko2qrPTSqgAAAU, Data: null',
  timestamp: '2023-11-28T15:59:17.559Z'
}
{
  level: 'info',
  message: 'Socket: User Connected, ID:EndY3lqRFr9ExE24AAAX, Data: null',
  timestamp: '2023-11-28T15:59:17.572Z'
}
{
  message: 'peer client connected 8825092083',
  level: 'info',
  timestamp: '2023-11-28T15:59:17.587Z'
}
{
  message: 'peer client connected 8549803369',
  level: 'info',
  timestamp: '2023-11-28T15:59:17.591Z'
}
{
  level: 'info',
  message: 'Socket: hello received , ID:EndY3lqRFr9ExE24AAAX, Data: "hello from client"',
  timestamp: '2023-11-28T15:59:17.602Z'
}
{
  level: 'info',
  message: 'Socket: hello received , ID:EndY3lqRFr9ExE24AAAX, Data: "hello from client"',
  timestamp: '2023-11-28T15:59:17.619Z'
}
{
  level: 'info',
  message: 'Socket: hello received , ID:EndY3lqRFr9ExE24AAAX, Data: "hello from client"',
  timestamp: '2023-11-28T15:59:19.684Z'
}
{
  message: 'peer client disconnected 8549803369',
  level: 'info',
  timestamp: '2023-11-28T15:59:19.688Z'
}
{
  level: 'info',
  message: 'Socket: User Disconnected, ID:EndY3lqRFr9ExE24AAAX, Data: null',
  timestamp: '2023-11-28T15:59:19.716Z'
}
{
  level: 'info',
  message: 'Socket: User Connected, ID:ql3t3HNoynAiCNYJAAAa, Data: null',
  timestamp: '2023-11-28T15:59:19.736Z'
}
{
  message: 'peer client connected 8657513137',
  level: 'info',
  timestamp: '2023-11-28T15:59:19.747Z'
}
{
  message: 'peer client connected 8470983429',
  level: 'info',
  timestamp: '2023-11-28T15:59:19.754Z'
}
{
  level: 'info',
  message: 'Socket: hello received , ID:ql3t3HNoynAiCNYJAAAa, Data: "hello from client"',
  timestamp: '2023-11-28T15:59:19.767Z'
}
{
  level: 'info',
  message: 'Socket: hello received , ID:ql3t3HNoynAiCNYJAAAa, Data: "hello from client"',
  timestamp: '2023-11-28T15:59:19.767Z'
}
{
  level: 'info',
  message: 'Socket: hello received , ID:ql3t3HNoynAiCNYJAAAa, Data: "hello from client"',
  timestamp: '2023-11-28T15:59:19.784Z'
}
{
  level: 'info',
  message: 'Socket: hello received , ID:ql3t3HNoynAiCNYJAAAa, Data: "hello from client"',
  timestamp: '2023-11-28T15:59:19.827Z'
}
{
  level: 'info',
  message: 'Socket: User Disconnected, ID:ql3t3HNoynAiCNYJAAAa, Data: null',
  timestamp: '2023-11-28T16:00:06.575Z'
}
{
  message: 'peer client disconnected 8470983429',
  level: 'info',
  timestamp: '2023-11-28T16:00:06.575Z'
}
{
  message: 'peer client disconnected 8444496088',
  level: 'info',
  timestamp: '2023-11-28T16:00:06.577Z'
}
{
  message: 'peer client disconnected 8657513137',
  level: 'info',
  timestamp: '2023-11-28T16:00:06.577Z'
}
{
  message: 'peer client disconnected 8825092083',
  level: 'info',
  timestamp: '2023-11-28T16:00:06.578Z'
}
{
  level: 'info',
  message: 'Socket: User Connected, ID:PzLK-4a3uLUNEGGPAAAd, Data: null',
  timestamp: '2023-11-28T16:00:07.493Z'
}
{
  message: 'peer client connected 8983216',
  level: 'info',
  timestamp: '2023-11-28T16:00:07.522Z'
}
{
  level: 'info',
  message: 'Socket: hello received , ID:PzLK-4a3uLUNEGGPAAAd, Data: "hello from client"',
  timestamp: '2023-11-28T16:00:07.523Z'
}
{
  message: 'peer client connected 892973760',
  level: 'info',
  timestamp: '2023-11-28T16:00:07.576Z'
}
{
  level: 'info',
  message: 'Socket: hello received , ID:PzLK-4a3uLUNEGGPAAAd, Data: "hello from client"',
  timestamp: '2023-11-28T16:00:07.635Z'
}
{
  level: 'info',
  message: 'Socket: hello received , ID:PzLK-4a3uLUNEGGPAAAd, Data: "hello from client"',
  timestamp: '2023-11-28T16:00:07.635Z'
}
{
  level: 'info',
  message: 'Socket: hello received , ID:PzLK-4a3uLUNEGGPAAAd, Data: "hello from client"',
  timestamp: '2023-11-28T16:00:07.635Z'
}
{
  level: 'info',
  message: 'Socket: hello received , ID:PzLK-4a3uLUNEGGPAAAd, Data: "hello from client"',
  timestamp: '2023-11-28T16:00:07.758Z'
}
{
  level: 'info',
  message: 'Socket: hello received , ID:PzLK-4a3uLUNEGGPAAAd, Data: "hello from client"',
  timestamp: '2023-11-28T16:00:07.821Z'
}
{
  level: 'info',
  message: 'Socket: hello received , ID:PzLK-4a3uLUNEGGPAAAd, Data: "hello from client"',
  timestamp: '2023-11-28T16:00:24.338Z'
}
{
  message: 'peer client disconnected 892973760',
  level: 'info',
  timestamp: '2023-11-28T16:00:24.348Z'
}
{
  level: 'info',
  message: 'Socket: hello received , ID:PzLK-4a3uLUNEGGPAAAd, Data: "hello from client"',
  timestamp: '2023-11-28T16:00:24.375Z'
}
{
  message: 'peer client connected 8355376994',
  level: 'info',
  timestamp: '2023-11-28T16:00:24.439Z'
}
{
  level: 'info',
  message: 'Socket: hello received , ID:PzLK-4a3uLUNEGGPAAAd, Data: "hello from client"',
  timestamp: '2023-11-28T16:00:37.723Z'
}
{
  level: 'info',
  message: 'Socket: hello received , ID:PzLK-4a3uLUNEGGPAAAd, Data: "hello from client"',
  timestamp: '2023-11-28T16:00:37.741Z'
}
{
  level: 'info',
  message: 'Socket: User Disconnected, ID:PzLK-4a3uLUNEGGPAAAd, Data: null',
  timestamp: '2023-11-28T16:00:43.523Z'
}
{
  message: 'peer client disconnected 8355376994',
  level: 'info',
  timestamp: '2023-11-28T16:00:43.524Z'
}
{
  message: 'peer client disconnected 8983216',
  level: 'info',
  timestamp: '2023-11-28T16:00:43.525Z'
}
{
  level: 'info',
  message: 'Socket: User Connected, ID:ubJhCFN6Q1NDec1TAAAg, Data: null',
  timestamp: '2023-11-28T16:00:45.359Z'
}
{
  message: 'peer client connected 8149389436',
  level: 'info',
  timestamp: '2023-11-28T16:00:45.442Z'
}
{
  level: 'info',
  message: 'Socket: hello received , ID:ubJhCFN6Q1NDec1TAAAg, Data: "hello from client"',
  timestamp: '2023-11-28T16:00:45.451Z'
}
{
  message: 'peer client connected 8542194719',
  level: 'info',
  timestamp: '2023-11-28T16:00:45.505Z'
}
{
  level: 'info',
  message: 'Socket: hello received , ID:ubJhCFN6Q1NDec1TAAAg, Data: "hello from client"',
  timestamp: '2023-11-28T16:00:45.511Z'
}
{
  level: 'info',
  message: 'Socket: hello received , ID:ubJhCFN6Q1NDec1TAAAg, Data: "hello from client"',
  timestamp: '2023-11-28T16:00:45.514Z'
}
{
  level: 'info',
  message: 'Socket: hello received , ID:ubJhCFN6Q1NDec1TAAAg, Data: "hello from client"',
  timestamp: '2023-11-28T16:00:45.515Z'
}
{
  level: 'info',
  message: 'Socket: hello received , ID:ubJhCFN6Q1NDec1TAAAg, Data: "hello from client"',
  timestamp: '2023-11-28T16:00:45.775Z'
}
{
  level: 'info',
  message: 'Socket: hello received , ID:ubJhCFN6Q1NDec1TAAAg, Data: "hello from client"',
  timestamp: '2023-11-28T16:00:45.908Z'
}
{
  level: 'info',
  message: 'Socket: User Connected, ID:R4XikXpYl7CYnya9AAAj, Data: null',
  timestamp: '2023-11-28T16:00:57.938Z'
}
{
  message: 'peer client connected 8537345665',
  level: 'info',
  timestamp: '2023-11-28T16:00:57.955Z'
}
{
  level: 'info',
  message: 'Socket: hello received , ID:R4XikXpYl7CYnya9AAAj, Data: "hello from client"',
  timestamp: '2023-11-28T16:00:57.958Z'
}
{
  message: 'peer client connected 892860589',
  level: 'info',
  timestamp: '2023-11-28T16:00:57.974Z'
}
{
  level: 'info',
  message: 'Socket: hello received , ID:R4XikXpYl7CYnya9AAAj, Data: "hello from client"',
  timestamp: '2023-11-28T16:00:57.992Z'
}
{
  level: 'info',
  message: 'Socket: hello received , ID:R4XikXpYl7CYnya9AAAj, Data: "hello from client"',
  timestamp: '2023-11-28T16:00:58.001Z'
}
{
  level: 'info',
  message: 'Socket: hello received , ID:R4XikXpYl7CYnya9AAAj, Data: "hello from client"',
  timestamp: '2023-11-28T16:00:58.004Z'
}
{
  level: 'info',
  message: 'Socket: hello received , ID:R4XikXpYl7CYnya9AAAj, Data: "hello from client"',
  timestamp: '2023-11-28T16:00:59.937Z'
}
{
  level: 'info',
  message: 'Socket: hello received , ID:R4XikXpYl7CYnya9AAAj, Data: "hello from client"',
  timestamp: '2023-11-28T16:00:59.976Z'
}
{
  level: 'info',
  message: 'Socket: hello received , ID:R4XikXpYl7CYnya9AAAj, Data: "hello from client"',
  timestamp: '2023-11-28T16:01:11.927Z'
}
{
  level: 'info',
  message: 'Socket: hello received , ID:R4XikXpYl7CYnya9AAAj, Data: "hello from client"',
  timestamp: '2023-11-28T16:01:11.954Z'
}
{
  level: 'info',
  message: 'Socket: User Disconnected, ID:R4XikXpYl7CYnya9AAAj, Data: null',
  timestamp: '2023-11-28T16:01:20.842Z'
}
{
  message: 'peer client disconnected 8537345665',
  level: 'info',
  timestamp: '2023-11-28T16:01:20.843Z'
}
{
  message: 'peer client disconnected 892860589',
  level: 'info',
  timestamp: '2023-11-28T16:01:20.845Z'
}
{
  message: 'peer client disconnected 8542194719',
  level: 'info',
  timestamp: '2023-11-28T16:01:34.236Z'
}
{
  level: 'info',
  message: 'Socket: hello received , ID:ubJhCFN6Q1NDec1TAAAg, Data: "hello from client"',
  timestamp: '2023-11-28T16:01:34.239Z'
}
{
  level: 'info',
  message: 'Socket: hello received , ID:ubJhCFN6Q1NDec1TAAAg, Data: "hello from client"',
  timestamp: '2023-11-28T16:01:34.269Z'
}
{
  message: 'peer client connected 8649755504',
  level: 'info',
  timestamp: '2023-11-28T16:01:34.270Z'
}
{
  level: 'info',
  message: 'Socket: hello received , ID:ubJhCFN6Q1NDec1TAAAg, Data: "hello from client"',
  timestamp: '2023-11-28T16:01:39.519Z'
}
{
  level: 'info',
  message: 'Socket: hello received , ID:ubJhCFN6Q1NDec1TAAAg, Data: "hello from client"',
  timestamp: '2023-11-28T16:01:39.529Z'
}
{
  message: 'peer client connected 8348881233',
  level: 'info',
  timestamp: '2023-11-28T16:02:05.668Z'
}
{
  level: 'info',
  message: 'Socket: User Connected, ID:oZZObDXraRqu0jQcAAAm, Data: null',
  timestamp: '2023-11-28T16:02:05.718Z'
}
{
  message: 'peer client connected 8177615263',
  level: 'info',
  timestamp: '2023-11-28T16:02:05.733Z'
}
{
  level: 'info',
  message: 'Socket: hello received , ID:oZZObDXraRqu0jQcAAAm, Data: "hello from client"',
  timestamp: '2023-11-28T16:02:05.737Z'
}
{
  level: 'info',
  message: 'Socket: hello received , ID:oZZObDXraRqu0jQcAAAm, Data: "hello from client"',
  timestamp: '2023-11-28T16:02:05.776Z'
}
{
  level: 'info',
  message: 'Socket: hello received , ID:oZZObDXraRqu0jQcAAAm, Data: "hello from client"',
  timestamp: '2023-11-28T16:02:05.781Z'
}
{
  level: 'info',
  message: 'Socket: hello received , ID:oZZObDXraRqu0jQcAAAm, Data: "hello from client"',
  timestamp: '2023-11-28T16:02:05.783Z'
}
{
  level: 'info',
  message: 'Socket: hello received , ID:oZZObDXraRqu0jQcAAAm, Data: "hello from client"',
  timestamp: '2023-11-28T16:02:10.357Z'
}
{
  level: 'info',
  message: 'Socket: hello received , ID:oZZObDXraRqu0jQcAAAm, Data: "hello from client"',
  timestamp: '2023-11-28T16:02:10.388Z'
}
{
  level: 'info',
  message: 'Socket: hello received , ID:ubJhCFN6Q1NDec1TAAAg, Data: "hello from client"',
  timestamp: '2023-11-28T16:02:11.955Z'
}
{
  level: 'info',
  message: 'Socket: hello received , ID:ubJhCFN6Q1NDec1TAAAg, Data: "hello from client"',
  timestamp: '2023-11-28T16:02:11.989Z'
}
{
  level: 'info',
  message: 'Socket: User Disconnected, ID:oZZObDXraRqu0jQcAAAm, Data: null',
  timestamp: '2023-11-28T16:02:40.239Z'
}
{
  message: 'peer client disconnected 8177615263',
  level: 'info',
  timestamp: '2023-11-28T16:02:40.240Z'
}
{
  message: 'peer client disconnected 8348881233',
  level: 'info',
  timestamp: '2023-11-28T16:02:40.242Z'
}
