nohup: ignoring input
2023-12-21 11:28:30.513306: I tensorflow_serving/model_servers/server.cc:74] Building single TensorFlow model file config:  model_name: fashion_model model_base_path: /media/histox/LinuxFiles/Files/symmetrical-goggles/apiServer/8 Emotion/SavedModel/
2023-12-21 11:28:30.516581: I tensorflow_serving/model_servers/server_core.cc:467] Adding/updating models.
2023-12-21 11:28:30.516623: I tensorflow_serving/model_servers/server_core.cc:596]  (Re-)adding model: fashion_model
2023-12-21 11:28:30.694198: I tensorflow_serving/core/basic_manager.cc:739] Successfully reserved resources to load servable {name: fashion_model version: 1}
2023-12-21 11:28:30.694234: I tensorflow_serving/core/loader_harness.cc:66] Approving load for servable version {name: fashion_model version: 1}
2023-12-21 11:28:30.694245: I tensorflow_serving/core/loader_harness.cc:74] Loading servable version {name: fashion_model version: 1}
2023-12-21 11:28:30.694699: I external/org_tensorflow/tensorflow/cc/saved_model/reader.cc:83] Reading SavedModel from: /media/histox/LinuxFiles/Files/symmetrical-goggles/apiServer/8 Emotion/SavedModel/1
2023-12-21 11:28:30.712070: I external/org_tensorflow/tensorflow/cc/saved_model/reader.cc:51] Reading meta graph with tags { serve }
2023-12-21 11:28:30.712122: I external/org_tensorflow/tensorflow/cc/saved_model/reader.cc:146] Reading SavedModel debug info (if present) from: /media/histox/LinuxFiles/Files/symmetrical-goggles/apiServer/8 Emotion/SavedModel/1
2023-12-21 11:28:30.712855: I external/org_tensorflow/tensorflow/core/platform/cpu_feature_guard.cc:182] This TensorFlow binary is optimized to use available CPU instructions in performance-critical operations.
To enable the following instructions: AVX2 FMA, in other operations, rebuild TensorFlow with the appropriate compiler flags.
2023-12-21 11:28:30.761396: I external/org_tensorflow/tensorflow/compiler/mlir/mlir_graph_optimization_pass.cc:382] MLIR V1 optimization pass is not enabled
2023-12-21 11:28:30.771748: I external/org_tensorflow/tensorflow/cc/saved_model/loader.cc:233] Restoring SavedModel bundle.
2023-12-21 11:28:30.878942: I external/org_tensorflow/tensorflow/cc/saved_model/loader.cc:217] Running initialization op on SavedModel bundle at path: /media/histox/LinuxFiles/Files/symmetrical-goggles/apiServer/8 Emotion/SavedModel/1
2023-12-21 11:28:30.963546: I external/org_tensorflow/tensorflow/cc/saved_model/loader.cc:316] SavedModel load for tags { serve }; Status: success: OK. Took 268847 microseconds.
2023-12-21 11:28:30.967533: I tensorflow_serving/servables/tensorflow/saved_model_warmup_util.cc:80] No warmup data file found at /media/histox/LinuxFiles/Files/symmetrical-goggles/apiServer/8 Emotion/SavedModel/1/assets.extra/tf_serving_warmup_requests
2023-12-21 11:28:31.041833: I tensorflow_serving/core/loader_harness.cc:95] Successfully loaded servable version {name: fashion_model version: 1}
2023-12-21 11:28:31.042730: I tensorflow_serving/model_servers/server_core.cc:488] Finished adding/updating models
2023-12-21 11:28:31.042757: I tensorflow_serving/model_servers/server.cc:118] Using InsecureServerCredentials
2023-12-21 11:28:31.042765: I tensorflow_serving/model_servers/server.cc:383] Profiler service is enabled
2023-12-21 11:28:31.047778: I tensorflow_serving/model_servers/server.cc:409] Running gRPC ModelServer at 0.0.0.0:8500 ...
[evhttp_server.cc : 245] NET_LOG: Entering the event loop ...
2023-12-21 11:28:31.049720: I tensorflow_serving/model_servers/server.cc:430] Exporting HTTP/REST API at:localhost:8501 ...
